  Solution.c
C:\Users\lg\Desktop\C-Lg\Program\Solution.c(57,9): warning C4477: 'printf' : 서식 문자열 '%d'에 'int' 형식의 인수가 필요하지만 variadic 인수 1의 형식이 'size_t'입니다.
  C:\Users\lg\Desktop\C-Lg\Program\Solution.c(57,9):
  서식 문자열에서 '%zd'을(를) 사용하는 것이 좋습니다.
  
C:\Users\lg\Desktop\C-Lg\Program\Solution.c(58,9): warning C4477: 'printf' : 서식 문자열 '%d'에 'int' 형식의 인수가 필요하지만 variadic 인수 1의 형식이 'size_t'입니다.
  C:\Users\lg\Desktop\C-Lg\Program\Solution.c(58,9):
  서식 문자열에서 '%zd'을(를) 사용하는 것이 좋습니다.
  
C:\Users\lg\Desktop\C-Lg\Program\Solution.c(59,9): warning C4477: 'printf' : 서식 문자열 '%d'에 'int' 형식의 인수가 필요하지만 variadic 인수 1의 형식이 'size_t'입니다.
  C:\Users\lg\Desktop\C-Lg\Program\Solution.c(59,9):
  서식 문자열에서 '%zd'을(를) 사용하는 것이 좋습니다.
  
C:\Users\lg\Desktop\C-Lg\Program\Solution.c(60,9): warning C4477: 'printf' : 서식 문자열 '%d'에 'int' 형식의 인수가 필요하지만 variadic 인수 1의 형식이 'size_t'입니다.
  C:\Users\lg\Desktop\C-Lg\Program\Solution.c(60,9):
  서식 문자열에서 '%zd'을(를) 사용하는 것이 좋습니다.
  
C:\Users\lg\Desktop\C-Lg\Program\Solution.c(61,9): warning C4477: 'printf' : 서식 문자열 '%d'에 'int' 형식의 인수가 필요하지만 variadic 인수 1의 형식이 'size_t'입니다.
  C:\Users\lg\Desktop\C-Lg\Program\Solution.c(61,9):
  서식 문자열에서 '%zd'을(를) 사용하는 것이 좋습니다.
  
C:\Users\lg\Desktop\C-Lg\Program\Solution.c(62,9): warning C4477: 'printf' : 서식 문자열 '%d'에 'int' 형식의 인수가 필요하지만 variadic 인수 1의 형식이 'size_t'입니다.
  C:\Users\lg\Desktop\C-Lg\Program\Solution.c(62,9):
  서식 문자열에서 '%zd'을(를) 사용하는 것이 좋습니다.
  
C:\Users\lg\Desktop\C-Lg\Program\Solution.c(63,9): warning C4477: 'printf' : 서식 문자열 '%d'에 'int' 형식의 인수가 필요하지만 variadic 인수 1의 형식이 'size_t'입니다.
  C:\Users\lg\Desktop\C-Lg\Program\Solution.c(63,9):
  서식 문자열에서 '%zd'을(를) 사용하는 것이 좋습니다.
  
  Program.vcxproj -> C:\Users\lg\Desktop\C-Lg\Program\x64\Debug\Program.exe
